<?xml version="1.0" encoding="UTF-8"?>
<!-- Generated by org.testng.reporters.JUnitXMLReporter -->
<testsuite hostname="KORAT" ignored="0" name="Default test" tests="3" failures="0" timestamp="2022-11-22T17:57:51 EST" time="0.054" errors="0">
  <testcase name="callMethod2" time="0.005" classname="com.practise.web2"/>
  <testcase name="phoneMethod2" time="0.0" classname="com.practise.web2"/>
  <testcase name="webMethod2" time="0.0" classname="com.practise.web2"/>
</testsuite> <!-- Default test -->
