<?xml version="1.0" encoding="UTF-8"?>
<testng-results skipped="0" failed="0" ignored="0" total="3" passed="3">
  <reporter-output>
  </reporter-output>
  <suite name="Default suite" duration-ms="54" started-at="2022-11-22T17:57:51 EST" finished-at="2022-11-22T17:57:51 EST">
    <groups>
    </groups>
    <test name="Default test" duration-ms="54" started-at="2022-11-22T17:57:51 EST" finished-at="2022-11-22T17:57:51 EST">
      <class name="com.practise.web2">
        <test-method status="PASS" signature="beforeMethod2()[pri:0, instance:com.practise.web2@7276c8cd]" name="beforeMethod2" is-config="true" duration-ms="5" started-at="2022-11-22T17:57:51 EST" finished-at="2022-11-22T17:57:51 EST">
          <reporter-output>
          </reporter-output>
        </test-method> <!-- beforeMethod2 -->
        <test-method status="PASS" signature="callMethod2()[pri:0, instance:com.practise.web2@7276c8cd]" name="callMethod2" duration-ms="5" started-at="2022-11-22T17:57:51 EST" finished-at="2022-11-22T17:57:51 EST">
          <reporter-output>
          </reporter-output>
        </test-method> <!-- callMethod2 -->
        <test-method status="PASS" signature="phoneMethod2()[pri:0, instance:com.practise.web2@7276c8cd]" name="phoneMethod2" duration-ms="0" started-at="2022-11-22T17:57:51 EST" finished-at="2022-11-22T17:57:51 EST">
          <reporter-output>
          </reporter-output>
        </test-method> <!-- phoneMethod2 -->
        <test-method status="PASS" signature="webMethod2()[pri:0, instance:com.practise.web2@7276c8cd]" name="webMethod2" duration-ms="0" started-at="2022-11-22T17:57:51 EST" finished-at="2022-11-22T17:57:51 EST">
          <reporter-output>
          </reporter-output>
        </test-method> <!-- webMethod2 -->
        <test-method status="PASS" signature="afterMethod2()[pri:0, instance:com.practise.web2@7276c8cd]" name="afterMethod2" is-config="true" duration-ms="0" started-at="2022-11-22T17:57:51 EST" finished-at="2022-11-22T17:57:51 EST">
          <reporter-output>
          </reporter-output>
        </test-method> <!-- afterMethod2 -->
      </class> <!-- com.practise.web2 -->
    </test> <!-- Default test -->
  </suite> <!-- Default suite -->
</testng-results>
